<?xml version="1.0" encoding="UTF-8"?>
<!-- Generated by org.testng.reporters.JUnitReportReporter -->
<testsuite hostname="DESKTOP-RRR4LHT" failures="0" tests="1" name="operations.PostTest" time="4.032" errors="0" timestamp="2021-12-09T08:46:53 IST" skipped="0">
  <testcase classname="operations.PostTest" name="test2" time="4.032"/>
  <system-out/>
</testsuite> <!-- operations.PostTest -->
