<?xml version="1.0" encoding="UTF-8"?>
<!-- Generated by org.testng.reporters.JUnitReportReporter -->
<testsuite hostname="DESKTOP-TGPHOC5" failures="0" tests="1" name="K" time="1.678" errors="0" timestamp="2021-11-18T17:05:55 IST" skipped="0">
  <testcase classname="K" name="test2" time="1.678"/>
  <system-out/>
</testsuite> <!-- K -->
