<?xml version="1.0" encoding="UTF-8"?>
<!-- Generated by org.testng.reporters.JUnitReportReporter -->
<testsuite hostname="DESKTOP-TGPHOC5" failures="0" tests="3" name="idempotentOperations.Test_Runner" time="1.641" errors="0" timestamp="2021-11-18T17:45:34 IST" skipped="0">
  <testcase classname="idempotentOperations.Test_Runner" name="Get" time="0.048"/>
  <system-out/>
  <testcase classname="idempotentOperations.Test_Runner" name="Put" time="0.240"/>
  <system-out/>
  <testcase classname="idempotentOperations.Test_Runner" name="Delete" time="1.353"/>
  <system-out/>
</testsuite> <!-- idempotentOperations.Test_Runner -->
