<?xml version="1.0" encoding="UTF-8"?>
<!-- Generated by org.testng.reporters.JUnitReportReporter -->
<testsuite hostname="DESKTOP-RRR4LHT" failures="0" tests="1" name="operations.Post_Rqst" time="2.658" errors="0" timestamp="2021-11-21T22:45:28 IST" skipped="0">
  <testcase classname="operations.Post_Rqst" name="test2" time="2.658"/>
  <system-out/>
</testsuite> <!-- operations.Post_Rqst -->
