<?xml version="1.0" encoding="UTF-8"?>
<!-- Generated by org.testng.reporters.JUnitReportReporter -->
<testsuite hostname="DESKTOP-RRR4LHT" failures="0" tests="1" name="idempotentOperations.GetPutDeleteTest" time="3.823" errors="0" timestamp="2021-12-09T08:47:31 IST" skipped="0">
  <testcase classname="idempotentOperations.GetPutDeleteTest" name="Delete" time="3.823"/>
  <system-out/>
</testsuite> <!-- idempotentOperations.GetPutDeleteTest -->
